<?xml version="1.0" encoding="UTF-8"?>
<!-- Generated by org.testng.reporters.JUnitXMLReporter -->
<testsuite ignored="0" hostname="RABIUL" failures="1" tests="1" name="Default test(failed)" time="3.195" errors="0" timestamp="2024-03-17T12:55:16 IST">
  <testcase classname="DemoMaven.DemoMavenId.JSErrorTests" name="jsErrorTest" time="3.152">
    <failure type="java.lang.AssertionError" message="The following asserts failed:
	Severe error: https://the-internet.herokuapp.com/javascript_error 6:51 Uncaught TypeError: Cannot read properties of undefined (reading &amp;apos;xyz&amp;apos;)">
      <![CDATA[java.lang.AssertionError: The following asserts failed:
Severe error: https://the-internet.herokuapp.com/javascript_error 6:51 Uncaught TypeError: Cannot read properties of undefined (reading 'xyz')
at DemoMaven.DemoMavenId.JSErrorTests.jsErrorTest(JSErrorTests.java:35)
at java.base/java.util.ArrayList.forEach(ArrayList.java:1511)
... Removed 29 stack frames]]>
    </failure>
  </testcase> <!-- jsErrorTest -->
</testsuite> <!-- Default test(failed) -->
